0 silly argv {
0 silly argv   _: [ 'run' ],
0 silly argv   since: 'master',
0 silly argv   lernaVersion: '6.0.1',
0 silly argv   '$0': 'node_modules/.bin/lerna',
0 silly argv   script: 'test'
0 silly argv }
1 notice cli v6.0.1
2 verbose rootPath /home/home/Project/getting-started-example
3 notice filter changed since "master"
4 silly hasTags
5 verbose hasTags false
6 info Looking for changed packages since master
7 silly checking diff packages/footer
8 error Error: Command failed with exit code 128: git diff --name-only master -- packages/footer
8 error fatal: bad revision 'master'
8 error     at makeError (/home/home/Project/getting-started-example/node_modules/execa/lib/error.js:60:11)
8 error     at Function.module.exports.sync (/home/home/Project/getting-started-example/node_modules/execa/index.js:194:17)
8 error     at Object.execSync (/home/home/Project/getting-started-example/node_modules/@lerna/child-process/index.js:39:16)
8 error     at diffSinceIn (/home/home/Project/getting-started-example/node_modules/@lerna/collect-updates/lib/make-diff-predicate.js:75:23)
8 error     at hasDiffSinceThatIsntIgnored (/home/home/Project/getting-started-example/node_modules/@lerna/collect-updates/lib/make-diff-predicate.js:34:18)
8 error     at isCandidate (/home/home/Project/getting-started-example/node_modules/@lerna/collect-updates/collect-updates.js:113:77)
8 error     at /home/home/Project/getting-started-example/node_modules/@lerna/collect-updates/lib/collect-packages.js:24:9
8 error     at Map.forEach (<anonymous>)
8 error     at collectPackages (/home/home/Project/getting-started-example/node_modules/@lerna/collect-updates/lib/collect-packages.js:23:12)
